Change Component Designator: OldDesignator=C? NewDesignator=C6
Change Component Designator: OldDesignator=C? NewDesignator=C7
Change Component Designator: OldDesignator=C? NewDesignator=C8
Change Component Designator: OldDesignator=C? NewDesignator=C9
Change Component Designator: OldDesignator=L? NewDesignator=L1
Change Component Designator: OldDesignator=U? NewDesignator=U1
Added Component: Designator=BT1(SW4)
Add component (AddParameter): Name = "Value"; Value = "1N4007"; VariantName = "[No Variations]"
Added Component: Designator=BT2(SW4)
Add component (AddParameter): Name = "Value"; Value = "1N4007"; VariantName = "[No Variations]"
Added Component: Designator=BT3(SW4)
Add component (AddParameter): Name = "Value"; Value = "1N4007"; VariantName = "[No Variations]"
Added Component: Designator=BT4(SW4)
Add component (AddParameter): Name = "Value"; Value = "1N4007"; VariantName = "[No Variations]"
Added Component: Designator=BT5(SW4_SMD)
Add component (AddParameter): Name = "Value"; Value = "1N4007"; VariantName = "[No Variations]"
Added Component: Designator=C5(Header2)
Add component (AddParameter): Name = "ComponentLink1 Description"; Value = "Manufacturer"; VariantName = "[No Variations]"
Add component (AddParameter): Name = "ComponentLink1URL"; Value = "http://www.we-online.com"; VariantName = "[No Variations]"
Add component (AddParameter): Name = "ComponentLink2 Description"; Value = "Datasheet"; VariantName = "[No Variations]"
Add component (AddParameter): Name = "ComponentLink2URL"; Value = "http://katalog.we-online.de/em/datasheet/6130xx143121.pdf"; VariantName = "[No Variations]"
Add component (AddParameter): Name = "Created by"; Value = "Karrer Zheng"; VariantName = "[No Variations]"
Add component (AddParameter): Name = "Created Date"; Value = "29 March 2013"; VariantName = "[No Variations]"
Add component (AddParameter): Name = "Manufacturer"; Value = "W¨¹rth Elektronik eiSos GmbH"; VariantName = "[No Variations]"
Add component (AddParameter): Name = "NoPins"; Value = "02"; VariantName = "[No Variations]"
Add component (AddParameter): Name = "partNo"; Value = "613002143121"; VariantName = "[No Variations]"
Added Component: Designator=C10(CN-SMD-0805)
Add component (AddParameter): Name = "Designed by"; Value = "VanDungEvn"; VariantName = "[No Variations]"
Add component (AddParameter): Name = "Value"; Value = "0,1uF/300V"; VariantName = "[No Variations]"
Added Component: Designator=Q1(SOT23-3)
Added Component: Designator=R6(RES-SMD-0805)
Add component (AddParameter): Name = "Class"; Value = "Passive"; VariantName = "[No Variations]"
Add component (AddParameter): Name = "Manufacturer"; Value = "Generic Components"; VariantName = "[No Variations]"
Add component (AddParameter): Name = "Published"; Value = "08/06/2000"; VariantName = "[No Variations]"
Add component (AddParameter): Name = "Publisher"; Value = "Altium Hobart Technology Centre"; VariantName = "[No Variations]"
Added Component: Designator=R9(RES-SMD-0805)
Add component (AddParameter): Name = "Class"; Value = "Passive"; VariantName = "[No Variations]"
Add component (AddParameter): Name = "Manufacturer"; Value = "Generic Components"; VariantName = "[No Variations]"
Add component (AddParameter): Name = "Published"; Value = "08/06/2000"; VariantName = "[No Variations]"
Add component (AddParameter): Name = "Publisher"; Value = "Altium Hobart Technology Centre"; VariantName = "[No Variations]"
Added Component: Designator=R10(RES-SMD-0805)
Add component (AddParameter): Name = "Class"; Value = "Passive"; VariantName = "[No Variations]"
Add component (AddParameter): Name = "Manufacturer"; Value = "Generic Components"; VariantName = "[No Variations]"
Add component (AddParameter): Name = "Published"; Value = "08/06/2000"; VariantName = "[No Variations]"
Add component (AddParameter): Name = "Publisher"; Value = "Altium Hobart Technology Centre"; VariantName = "[No Variations]"
Added Component: Designator=R11(RES-SMD-0805)
Add component (AddParameter): Name = "Class"; Value = "Passive"; VariantName = "[No Variations]"
Add component (AddParameter): Name = "Manufacturer"; Value = "Generic Components"; VariantName = "[No Variations]"
Add component (AddParameter): Name = "Published"; Value = "08/06/2000"; VariantName = "[No Variations]"
Add component (AddParameter): Name = "Publisher"; Value = "Altium Hobart Technology Centre"; VariantName = "[No Variations]"
Added Component: Designator=R12(RES-SMD-0805)
Add component (AddParameter): Name = "Class"; Value = "Passive"; VariantName = "[No Variations]"
Add component (AddParameter): Name = "Manufacturer"; Value = "Generic Components"; VariantName = "[No Variations]"
Add component (AddParameter): Name = "Published"; Value = "08/06/2000"; VariantName = "[No Variations]"
Add component (AddParameter): Name = "Publisher"; Value = "Altium Hobart Technology Centre"; VariantName = "[No Variations]"
Added Component: Designator=R13(RES-SMD-0805)
Add component (AddParameter): Name = "Class"; Value = "Passive"; VariantName = "[No Variations]"
Add component (AddParameter): Name = "Manufacturer"; Value = "Generic Components"; VariantName = "[No Variations]"
Add component (AddParameter): Name = "Published"; Value = "08/06/2000"; VariantName = "[No Variations]"
Add component (AddParameter): Name = "Publisher"; Value = "Altium Hobart Technology Centre"; VariantName = "[No Variations]"
Added Component: Designator=R14(RES-SMD-0805)
Add component (AddParameter): Name = "Class"; Value = "Passive"; VariantName = "[No Variations]"
Add component (AddParameter): Name = "Manufacturer"; Value = "Generic Components"; VariantName = "[No Variations]"
Add component (AddParameter): Name = "Published"; Value = "08/06/2000"; VariantName = "[No Variations]"
Add component (AddParameter): Name = "Publisher"; Value = "Altium Hobart Technology Centre"; VariantName = "[No Variations]"
Added Component: Designator=R15(RES-SMD-0805)
Add component (AddParameter): Name = "Class"; Value = "Passive"; VariantName = "[No Variations]"
Add component (AddParameter): Name = "Manufacturer"; Value = "Generic Components"; VariantName = "[No Variations]"
Add component (AddParameter): Name = "Published"; Value = "08/06/2000"; VariantName = "[No Variations]"
Add component (AddParameter): Name = "Publisher"; Value = "Altium Hobart Technology Centre"; VariantName = "[No Variations]"
Added Component: Designator=SP1(Buzzer)
Added Component: Designator=U2(SHT-30)
Added Pin To Net: NetName=GND Pin=BT5-1
Added Pin To Net: NetName=GND Pin=BT5-1
Added Pin To Net: NetName=nRST Pin=BT5-2
Added Pin To Net: NetName=nRST Pin=BT5-2
Added Pin To Net: NetName=Vin Pin=C5-1
Added Pin To Net: NetName=GND Pin=C5-2
Added Pin To Net: NetName=GND Pin=C10-1
Added Pin To Net: NetName=+3.3V Pin=C10-2
Added Pin To Net: NetName=DAT Pin=IC1-17
Added Pin To Net: NetName=Rx Pin=Q1-1
Added Pin To Net: NetName=GND Pin=Q1-3
Added Pin To Net: NetName=DAT Pin=R4-2
Added Pin To Net: NetName=+3.3V Pin=R6-1
Added Pin To Net: NetName=GND Pin=R9-2
Added Pin To Net: NetName=GND Pin=R10-2
Added Pin To Net: NetName=GND Pin=R11-2
Added Pin To Net: NetName=GND Pin=R12-2
Added Pin To Net: NetName=+3.3V Pin=R13-1
Added Pin To Net: NetName=+3.3V Pin=R14-1
Added Pin To Net: NetName=+3.3V Pin=R15-1
Added Pin To Net: NetName=+3.3V Pin=U2-5
Added Pin To Net: NetName=GND Pin=U2-7
Added Pin To Net: NetName=GND Pin=U2-8
Added Pin To Net: NetName=GND Pin=U2-PAD
Change Net Name : Old Net Name=NetC?_2 New Net Name=NetC6_2
Added Pin To Net: NetName=ADC_BUT Pin=BT1-1
Added Pin To Net: NetName=ADC_BUT Pin=BT1-1
Added Pin To Net: NetName=ADC_BUT Pin=BT2-1
Added Pin To Net: NetName=ADC_BUT Pin=BT2-1
Added Pin To Net: NetName=ADC_BUT Pin=BT3-1
Added Pin To Net: NetName=ADC_BUT Pin=BT3-1
Added Pin To Net: NetName=ADC_BUT Pin=BT4-1
Added Pin To Net: NetName=ADC_BUT Pin=BT4-1
Added Pin To Net: NetName=ADC_BUT Pin=IC1-2
Added Pin To Net: NetName=ADC_BUT Pin=R6-2
Added Net: Name=ADC_BUT
Added Pin To Net: NetName=NetBT1_2 Pin=BT1-2
Added Pin To Net: NetName=NetBT1_2 Pin=BT1-2
Added Pin To Net: NetName=NetBT1_2 Pin=R9-1
Added Net: Name=NetBT1_2
Added Pin To Net: NetName=NetBT2_2 Pin=BT2-2
Added Pin To Net: NetName=NetBT2_2 Pin=BT2-2
Added Pin To Net: NetName=NetBT2_2 Pin=R10-1
Added Net: Name=NetBT2_2
Added Pin To Net: NetName=NetBT3_2 Pin=BT3-2
Added Pin To Net: NetName=NetBT3_2 Pin=BT3-2
Added Pin To Net: NetName=NetBT3_2 Pin=R11-1
Added Net: Name=NetBT3_2
Added Pin To Net: NetName=NetBT4_2 Pin=BT4-2
Added Pin To Net: NetName=NetBT4_2 Pin=BT4-2
Added Pin To Net: NetName=NetBT4_2 Pin=R12-1
Added Net: Name=NetBT4_2
Added Pin To Net: NetName=NetQ1_2 Pin=Q1-2
Added Pin To Net: NetName=NetQ1_2 Pin=SP1-2
Added Net: Name=NetQ1_2
Added Pin To Net: NetName=NetR13_2 Pin=R13-2
Added Pin To Net: NetName=NetR13_2 Pin=SP1-1
Added Net: Name=NetR13_2
Added Pin To Net: NetName=SCL Pin=IC1-20
Added Pin To Net: NetName=SCL Pin=R15-2
Added Pin To Net: NetName=SCL Pin=U2-4
Added Net: Name=SCL
Added Pin To Net: NetName=SDA Pin=IC1-19
Added Pin To Net: NetName=SDA Pin=R14-2
Added Pin To Net: NetName=SDA Pin=U2-1
Added Net: Name=SDA
Added Member To Class: ClassName=Sheet1 Member=Component BT1 BUTTON1
Added Member To Class: ClassName=Sheet1 Member=Component BT2 BUTTON1
Added Member To Class: ClassName=Sheet1 Member=Component BT3 BUTTON1
Added Member To Class: ClassName=Sheet1 Member=Component BT4 BUTTON1
Added Member To Class: ClassName=Sheet1 Member=Component BT5 BUTTON1
Added Member To Class: ClassName=Sheet1 Member=Component C5 Header2
Added Member To Class: ClassName=Sheet1 Member=Component C6 0.1uF
Added Member To Class: ClassName=Sheet1 Member=Component C8 1uF
Added Member To Class: ClassName=Sheet1 Member=Component C9 0.1uF
Added Member To Class: ClassName=Sheet1 Member=Component C10 1uF
Added Member To Class: ClassName=Sheet1 Member=Component Q1 AO3404
Added Member To Class: ClassName=Sheet1 Member=Component R6 3.3K
Added Member To Class: ClassName=Sheet1 Member=Component R9 0R
Added Member To Class: ClassName=Sheet1 Member=Component R10 10K
Added Member To Class: ClassName=Sheet1 Member=Component R11 4.7K
Added Member To Class: ClassName=Sheet1 Member=Component R12 1.2K
Added Member To Class: ClassName=Sheet1 Member=Component R13 0R
Added Member To Class: ClassName=Sheet1 Member=Component R14 3.3K
Added Member To Class: ClassName=Sheet1 Member=Component R15 3.3K
Added Member To Class: ClassName=Sheet1 Member=Component SP1 Buzzer
Added Member To Class: ClassName=Sheet1 Member=Component U2 SHT30
Added Room: Name=Sheet1
