Removed Pin From Net: NetName=CS Pin=LCD1-3
Removed Pin From Net: NetName=RST Pin=LCD1-4
Removed Pin From Net: NetName=DC Pin=LCD1-5
Removed Pin From Net: NetName=+3.3V Pin=LCD1-7
Removed Pin From Net: NetName=CLK Pin=LCD1-8
Removed Pin From Net: NetName=DAT Pin=LCD1-11
Removed Pin From Net: NetName=GND Pin=LCD1-16
Removed Pin From Net: NetName=GND Pin=LCD1-17
Removed Pin From Net: NetName=+3.3V Pin=LCD1-18
Removed Pin From Net: NetName=GND Pin=LCD1-19
Removed Pin From Net: NetName=NetC1_1 Pin=LCD1-20
Removed Pin From Net: NetName=NetC1_2 Pin=LCD1-21
Removed Pin From Net: NetName=NetC0_1 Pin=LCD1-22
Removed Pin From Net: NetName=NetC0_2 Pin=LCD1-23
Removed Pin From Net: NetName=NetC2_2 Pin=LCD1-29
Removed Pin From Net: NetName=LED_SCR Pin=LCD1-K
Removed Member From Class: ClassName=Sheet1 Member=LCD1
Added Component: Designator=LED3(UC1601_LCD)
Added Pin To Net: NetName=CS Pin=LED3-3
Added Pin To Net: NetName=RST Pin=LED3-4
Added Pin To Net: NetName=DC Pin=LED3-5
Added Pin To Net: NetName=+3.3V Pin=LED3-7
Added Pin To Net: NetName=CLK Pin=LED3-8
Added Pin To Net: NetName=DAT Pin=LED3-11
Added Pin To Net: NetName=GND Pin=LED3-16
Added Pin To Net: NetName=GND Pin=LED3-17
Added Pin To Net: NetName=+3.3V Pin=LED3-18
Added Pin To Net: NetName=GND Pin=LED3-19
Added Pin To Net: NetName=NetC1_1 Pin=LED3-20
Added Pin To Net: NetName=NetC1_2 Pin=LED3-21
Added Pin To Net: NetName=NetC0_1 Pin=LED3-22
Added Pin To Net: NetName=NetC0_2 Pin=LED3-23
Added Pin To Net: NetName=NetC2_2 Pin=LED3-29
Added Pin To Net: NetName=LED_SCR Pin=LED3-K
Added Pin To Net: NetName=NetLED3_A Pin=LED3-A
Added Pin To Net: NetName=NetLED3_A Pin=R8-2
Added Net: Name=NetLED3_A
